<?xml version="1.0" encoding="UTF-8"?>
<testsuite name="Проверка onboarding экрана" tests="1" skipped="0" failures="0" errors="0" timestamp="2024-06-12T23:07:59" hostname="NB553582" time="37.248">
  <properties/>
  <testcase name="Проверка успешной загрузки и прохождения onboarding экрана" classname="mobile.tests.OnboardingScreenTests" time="37.248"/>
  <system-out><![CDATA[Запуск тестов на host: browserstack; platform: android; device: Samsung Galaxy S21 Ultra
HTTP/1.1 200 OK
{
    "automation_session": {
        "name": "first_test",
        "duration": 36,
        "os": "android",
        "os_version": "11.0",
        "browser_version": "app",
        "browser": null,
        "device": "Samsung Galaxy S21 Ultra",
        "status": "done",
        "hashed_id": "6ff793a0376531cfde0fb77429c2f50aa522a192",
        "reason": "CLIENT_STOPPED_SESSION",
        "build_name": "browserstack-build-1",
        "project_name": "BrowserStack Sample",
        "build_hashed_id": "8ca59ebb1e2f707b5a40dbfc8a21dfc983cf18a5",
        "logs": "https://app-automate.browserstack.com/builds/8ca59ebb1e2f707b5a40dbfc8a21dfc983cf18a5/sessions/6ff793a0376531cfde0fb77429c2f50aa522a192/logs",
        "browserstack_status": "done",
        "created_at": "2024-06-12T23:07:59.000Z",
        "browser_url": "https://app-automate.browserstack.com/builds/8ca59ebb1e2f707b5a40dbfc8a21dfc983cf18a5/sessions/6ff793a0376531cfde0fb77429c2f50aa522a192",
        "public_url": "https://app-automate.browserstack.com/builds/8ca59ebb1e2f707b5a40dbfc8a21dfc983cf18a5/sessions/6ff793a0376531cfde0fb77429c2f50aa522a192?auth_token=ce13f03edba132e3a9bba01c2bd3fcea878f9186c05b301f0694f7c913d16b91",
        "video_url": "https://app-automate.browserstack.com/sessions/6ff793a0376531cfde0fb77429c2f50aa522a192/video?token=RVdYeFZmZXdKZ1l0V09TdDh2TEUwcVV0ZmZTY2pzU1MwNEpmZ2V3UmcxUmxBSVJCWXR3cjVGRTZOUTdPMy85dTdUN0Qzc3I3WFc2Vm03cGNIR0FQbGc9PS0tT3FTUElRSnA0bG5OdG1tWTgxS000UT09--f00c8a25d0d6bbd91a0a299d1debf3e21eebf5f3&source=rest_api&diff=1.403105708",
        "appium_logs_url": "https://api.browserstack.com/app-automate/builds/8ca59ebb1e2f707b5a40dbfc8a21dfc983cf18a5/sessions/6ff793a0376531cfde0fb77429c2f50aa522a192/appiumlogs",
        "device_logs_url": "https://api.browserstack.com/app-automate/builds/8ca59ebb1e2f707b5a40dbfc8a21dfc983cf18a5/sessions/6ff793a0376531cfde0fb77429c2f50aa522a192/devicelogs",
        "app_details": {
            "app_url": "bs://67e68aac33ab17a78c1cfb21fae5969a1d90efc4",
            "app_name": "com.sybirex.ilonandroid",
            "app_version": "1.57",
            "app_custom_id": null,
            "uploaded_at": "2024-06-10T17:55:25.000Z"
        },
        "session_terminal_logs_url": "https://app-automate.browserstack.com/s3-upload/bs-selenium-logs-use/s3/data/8ca59ebb1e2f707b5a40dbfc8a21dfc983cf18a5/6ff793a0376531cfde0fb77429c2f50aa522a192-terminal-logs.txt?response-content-type=text%2Fplain&X-Amz-Algorithm=AWS4-HMAC-SHA256&X-Amz-Credential=AKIA2XUQHUQMD5QJIXC7%2F20240612%2Fus-east-1%2Fs3%2Faws4_request&X-Amz-Date=20240612T230836Z&X-Amz-Expires=604800&X-Amz-SignedHeaders=host&X-Amz-Signature=89d78605d5395f33d01618ec5bcbf1c3c1b524cb7f39e56c68793fdf5aed3d0b",
        "build_terminal_logs_url": "https://app-automate.browserstack.com/s3-upload/bs-selenium-logs-use/s3/data/8ca59ebb1e2f707b5a40dbfc8a21dfc983cf18a5/terminal-logs.txt?response-content-type=text%2Fplain&X-Amz-Algorithm=AWS4-HMAC-SHA256&X-Amz-Credential=AKIA2XUQHUQMD5QJIXC7%2F20240612%2Fus-east-1%2Fs3%2Faws4_request&X-Amz-Date=20240612T230836Z&X-Amz-Expires=604800&X-Amz-SignedHeaders=host&X-Amz-Signature=44a74f3c94f24371f2aa92abcb2f8b24559b303aede143a979618a17730ec16e"
    }
}
]]></system-out>
  <system-err><![CDATA[июн. 13, 2024 2:07:59 AM org.openqa.selenium.remote.RemoteWebDriver checkNonW3CCapabilities
WARNING: Support for Legacy Capabilities is deprecated; You are sending the following invalid capabilities: [app, browserstack.key, browserstack.user, build, device, name, os_version, project]; Please update to W3C Syntax: https://www.selenium.dev/blog/2022/legacy-protocol-support/
июн. 13, 2024 2:08:23 AM org.openqa.selenium.remote.ProtocolHandshake createSession
WARNING: Support for Legacy Capabilities is deprecated; You are sending the following invalid capabilities: [app, browserstack.key, browserstack.user, build, device, name, os_version, project]; Please update to W3C Syntax: https://www.selenium.dev/blog/2022/legacy-protocol-support/
]]></system-err>
</testsuite>
