<?xml version="1.0" encoding="UTF-8"?>
<testsuite name="Проверка главной страницы приложения" tests="4" skipped="0" failures="0" errors="0" timestamp="2024-06-12T23:03:27" hostname="NB553582" time="132.103">
  <properties/>
  <testcase name="Проверка успешной загрузки navigation bar" classname="mobile.tests.AppMainPageTests" time="34.749"/>
  <testcase name="Проверка, что при клике на иконку КРАСОТА и выборе иконки Гормональный календарь, открывается корректная ссылка" classname="mobile.tests.AppMainPageTests" time="31.907"/>
  <testcase name="Проверка, что при клике на иконку ПИТАНИЕ и выборе иконки Расчет калорий, открывается корректная ссылка" classname="mobile.tests.AppMainPageTests" time="31.672"/>
  <testcase name="Проверка успешной загрузки главного экрана" classname="mobile.tests.AppMainPageTests" time="33.56"/>
  <system-out><![CDATA[Запуск тестов на host: browserstack; platform: android; device: Samsung Galaxy S21 Ultra
HTTP/1.1 200 OK
{
    "automation_session": {
        "name": "first_test",
        "duration": 29,
        "os": "android",
        "os_version": "11.0",
        "browser_version": "app",
        "browser": null,
        "device": "Samsung Galaxy S21 Ultra",
        "status": "done",
        "hashed_id": "f78db3aa5347048ae2b36f1ecf28be54c69f728d",
        "reason": "CLIENT_STOPPED_SESSION",
        "build_name": "browserstack-build-1",
        "project_name": "BrowserStack Sample",
        "build_hashed_id": "8ca59ebb1e2f707b5a40dbfc8a21dfc983cf18a5",
        "logs": "https://app-automate.browserstack.com/builds/8ca59ebb1e2f707b5a40dbfc8a21dfc983cf18a5/sessions/f78db3aa5347048ae2b36f1ecf28be54c69f728d/logs",
        "browserstack_status": "done",
        "created_at": "2024-06-12T23:03:30.000Z",
        "browser_url": "https://app-automate.browserstack.com/builds/8ca59ebb1e2f707b5a40dbfc8a21dfc983cf18a5/sessions/f78db3aa5347048ae2b36f1ecf28be54c69f728d",
        "public_url": "https://app-automate.browserstack.com/builds/8ca59ebb1e2f707b5a40dbfc8a21dfc983cf18a5/sessions/f78db3aa5347048ae2b36f1ecf28be54c69f728d?auth_token=75e55c682980acc230a0608f722e0084441bb172b40c4e707648a83285fc826b",
        "video_url": "https://app-automate.browserstack.com/sessions/f78db3aa5347048ae2b36f1ecf28be54c69f728d/video?token=UjhhNkc4eXhxZ1ZqTWR0bFNZRTJMQmlHSENoYlJpV2g2WWVUdThQbzJFYjFiRkFkOU1tUFd5UHRIdzYvS2N2L3lRNG5LS0l5U3Jac0dOc1RTd1V2dFE9PS0tcWR6d3hQL1N0SzhFNlhGaGNYZ05wUT09--30821aaa70e677ccbf093b8c4805d98db285e352&source=rest_api&diff=2.579302046",
        "appium_logs_url": "https://api.browserstack.com/app-automate/builds/8ca59ebb1e2f707b5a40dbfc8a21dfc983cf18a5/sessions/f78db3aa5347048ae2b36f1ecf28be54c69f728d/appiumlogs",
        "device_logs_url": "https://api.browserstack.com/app-automate/builds/8ca59ebb1e2f707b5a40dbfc8a21dfc983cf18a5/sessions/f78db3aa5347048ae2b36f1ecf28be54c69f728d/devicelogs",
        "app_details": {
            "app_url": "bs://67e68aac33ab17a78c1cfb21fae5969a1d90efc4",
            "app_name": "com.sybirex.ilonandroid",
            "app_version": "1.57",
            "app_custom_id": null,
            "uploaded_at": "2024-06-10T17:55:25.000Z"
        },
        "session_terminal_logs_url": "https://app-automate.browserstack.com/s3-upload/bs-selenium-logs-use/s3/data/8ca59ebb1e2f707b5a40dbfc8a21dfc983cf18a5/f78db3aa5347048ae2b36f1ecf28be54c69f728d-terminal-logs.txt?response-content-type=text%2Fplain&X-Amz-Algorithm=AWS4-HMAC-SHA256&X-Amz-Credential=AKIA2XUQHUQMD5QJIXC7%2F20240612%2Fus-east-1%2Fs3%2Faws4_request&X-Amz-Date=20240612T230401Z&X-Amz-Expires=604800&X-Amz-SignedHeaders=host&X-Amz-Signature=717b83fcd74b3222b2a8a53e5df7646cbd158d4b12cb59b9f8fbc2471c028c78",
        "build_terminal_logs_url": "https://app-automate.browserstack.com/s3-upload/bs-selenium-logs-use/s3/data/8ca59ebb1e2f707b5a40dbfc8a21dfc983cf18a5/terminal-logs.txt?response-content-type=text%2Fplain&X-Amz-Algorithm=AWS4-HMAC-SHA256&X-Amz-Credential=AKIA2XUQHUQMD5QJIXC7%2F20240612%2Fus-east-1%2Fs3%2Faws4_request&X-Amz-Date=20240612T230401Z&X-Amz-Expires=604800&X-Amz-SignedHeaders=host&X-Amz-Signature=9ce06609d33a957f9b9e9012115451e88a9af4141b4f5c322bbbd7992e8c47e2"
    }
}
Запуск тестов на host: browserstack; platform: android; device: Samsung Galaxy S21 Ultra
HTTP/1.1 200 OK
{
    "automation_session": {
        "name": "first_test",
        "duration": 30,
        "os": "android",
        "os_version": "11.0",
        "browser_version": "app",
        "browser": null,
        "device": "Samsung Galaxy S21 Ultra",
        "status": "done",
        "hashed_id": "ef4cc02bd0ecefdf88bf876eb31f4444abc3b125",
        "reason": "CLIENT_STOPPED_SESSION",
        "build_name": "browserstack-build-1",
        "project_name": "BrowserStack Sample",
        "build_hashed_id": "8ca59ebb1e2f707b5a40dbfc8a21dfc983cf18a5",
        "logs": "https://app-automate.browserstack.com/builds/8ca59ebb1e2f707b5a40dbfc8a21dfc983cf18a5/sessions/ef4cc02bd0ecefdf88bf876eb31f4444abc3b125/logs",
        "browserstack_status": "done",
        "created_at": "2024-06-12T23:04:03.000Z",
        "browser_url": "https://app-automate.browserstack.com/builds/8ca59ebb1e2f707b5a40dbfc8a21dfc983cf18a5/sessions/ef4cc02bd0ecefdf88bf876eb31f4444abc3b125",
        "public_url": "https://app-automate.browserstack.com/builds/8ca59ebb1e2f707b5a40dbfc8a21dfc983cf18a5/sessions/ef4cc02bd0ecefdf88bf876eb31f4444abc3b125?auth_token=3c90d5b1cbc3c4cb593a436c57f5d1f8555b6ce9486dd1f8ae3f5c4d1cf8997f",
        "video_url": "https://app-automate.browserstack.com/sessions/ef4cc02bd0ecefdf88bf876eb31f4444abc3b125/video?token=cGdrQzVKcFVCUUJGZUM3ei83ZXVpQ0ZjS2dBK1FuVWFNZWpNdkJnbFg0SnMvN3o0RnNMZlQ0N3NwbGNiQmNsK25udmVTVE1hL0Y0V29JL3l3TmY5Znc9PS0tV1RKbE8zazUydlArYnlVR212RUFwZz09--aa82cac25107bc8aa21caedb750cde84ca3708c0&source=rest_api&diff=1.644544473",
        "appium_logs_url": "https://api.browserstack.com/app-automate/builds/8ca59ebb1e2f707b5a40dbfc8a21dfc983cf18a5/sessions/ef4cc02bd0ecefdf88bf876eb31f4444abc3b125/appiumlogs",
        "device_logs_url": "https://api.browserstack.com/app-automate/builds/8ca59ebb1e2f707b5a40dbfc8a21dfc983cf18a5/sessions/ef4cc02bd0ecefdf88bf876eb31f4444abc3b125/devicelogs",
        "app_details": {
            "app_url": "bs://67e68aac33ab17a78c1cfb21fae5969a1d90efc4",
            "app_name": "com.sybirex.ilonandroid",
            "app_version": "1.57",
            "app_custom_id": null,
            "uploaded_at": "2024-06-10T17:55:25.000Z"
        },
        "session_terminal_logs_url": "https://app-automate.browserstack.com/s3-upload/bs-selenium-logs-use/s3/data/8ca59ebb1e2f707b5a40dbfc8a21dfc983cf18a5/ef4cc02bd0ecefdf88bf876eb31f4444abc3b125-terminal-logs.txt?response-content-type=text%2Fplain&X-Amz-Algorithm=AWS4-HMAC-SHA256&X-Amz-Credential=AKIA2XUQHUQMD5QJIXC7%2F20240612%2Fus-east-1%2Fs3%2Faws4_request&X-Amz-Date=20240612T230434Z&X-Amz-Expires=604800&X-Amz-SignedHeaders=host&X-Amz-Signature=de424d563e786cf80c23598ebf4bbf7459639a81953a1068249a96541e206bae",
        "build_terminal_logs_url": "https://app-automate.browserstack.com/s3-upload/bs-selenium-logs-use/s3/data/8ca59ebb1e2f707b5a40dbfc8a21dfc983cf18a5/terminal-logs.txt?response-content-type=text%2Fplain&X-Amz-Algorithm=AWS4-HMAC-SHA256&X-Amz-Credential=AKIA2XUQHUQMD5QJIXC7%2F20240612%2Fus-east-1%2Fs3%2Faws4_request&X-Amz-Date=20240612T230434Z&X-Amz-Expires=604800&X-Amz-SignedHeaders=host&X-Amz-Signature=101b7d17ebcf935d453c043dd9aa9db344e64d17f3d52867c612f451a38d96fe"
    }
}
Запуск тестов на host: browserstack; platform: android; device: Samsung Galaxy S21 Ultra
HTTP/1.1 200 OK
{
    "automation_session": {
        "name": "first_test",
        "duration": 30,
        "os": "android",
        "os_version": "11.0",
        "browser_version": "app",
        "browser": null,
        "device": "Samsung Galaxy S21 Ultra",
        "status": "done",
        "hashed_id": "b557b5338da21485fcd54f10bf34e813045d77d9",
        "reason": "CLIENT_STOPPED_SESSION",
        "build_name": "browserstack-build-1",
        "project_name": "BrowserStack Sample",
        "build_hashed_id": "8ca59ebb1e2f707b5a40dbfc8a21dfc983cf18a5",
        "logs": "https://app-automate.browserstack.com/builds/8ca59ebb1e2f707b5a40dbfc8a21dfc983cf18a5/sessions/b557b5338da21485fcd54f10bf34e813045d77d9/logs",
        "browserstack_status": "done",
        "created_at": "2024-06-12T23:04:35.000Z",
        "browser_url": "https://app-automate.browserstack.com/builds/8ca59ebb1e2f707b5a40dbfc8a21dfc983cf18a5/sessions/b557b5338da21485fcd54f10bf34e813045d77d9",
        "public_url": "https://app-automate.browserstack.com/builds/8ca59ebb1e2f707b5a40dbfc8a21dfc983cf18a5/sessions/b557b5338da21485fcd54f10bf34e813045d77d9?auth_token=71034433fc74dbd9acee175ee9f5df2d5087939ab4e43e3bac9211b13624b3fe",
        "video_url": "https://app-automate.browserstack.com/sessions/b557b5338da21485fcd54f10bf34e813045d77d9/video?token=WCtIcnhaaEMwa3ZxUTZreDhGOUdPeldqOG4zc2dXczA2Qkg4bGhEWU1GcFBtZGZPN2doRThxK3Q1Q2xMUzB2cVBiVWpEcm9KRDJpSlNTSGFvWjhzTFE9PS0tdjNTRTBRN1YyK1ZmdVVUbjJVNmZndz09--cb9e2b21f592a94bc8d95b2b88528ed9e5ac7727&source=rest_api&diff=1.3561196",
        "appium_logs_url": "https://api.browserstack.com/app-automate/builds/8ca59ebb1e2f707b5a40dbfc8a21dfc983cf18a5/sessions/b557b5338da21485fcd54f10bf34e813045d77d9/appiumlogs",
        "device_logs_url": "https://api.browserstack.com/app-automate/builds/8ca59ebb1e2f707b5a40dbfc8a21dfc983cf18a5/sessions/b557b5338da21485fcd54f10bf34e813045d77d9/devicelogs",
        "app_details": {
            "app_url": "bs://67e68aac33ab17a78c1cfb21fae5969a1d90efc4",
            "app_name": "com.sybirex.ilonandroid",
            "app_version": "1.57",
            "app_custom_id": null,
            "uploaded_at": "2024-06-10T17:55:25.000Z"
        },
        "session_terminal_logs_url": "https://app-automate.browserstack.com/s3-upload/bs-selenium-logs-use/s3/data/8ca59ebb1e2f707b5a40dbfc8a21dfc983cf18a5/b557b5338da21485fcd54f10bf34e813045d77d9-terminal-logs.txt?response-content-type=text%2Fplain&X-Amz-Algorithm=AWS4-HMAC-SHA256&X-Amz-Credential=AKIA2XUQHUQMD5QJIXC7%2F20240612%2Fus-east-1%2Fs3%2Faws4_request&X-Amz-Date=20240612T230506Z&X-Amz-Expires=604800&X-Amz-SignedHeaders=host&X-Amz-Signature=9794440b5be2769aa788577ece2e5cf47f183bb7c1c037c55c48cc36381383ef",
        "build_terminal_logs_url": "https://app-automate.browserstack.com/s3-upload/bs-selenium-logs-use/s3/data/8ca59ebb1e2f707b5a40dbfc8a21dfc983cf18a5/terminal-logs.txt?response-content-type=text%2Fplain&X-Amz-Algorithm=AWS4-HMAC-SHA256&X-Amz-Credential=AKIA2XUQHUQMD5QJIXC7%2F20240612%2Fus-east-1%2Fs3%2Faws4_request&X-Amz-Date=20240612T230506Z&X-Amz-Expires=604800&X-Amz-SignedHeaders=host&X-Amz-Signature=1b9c91e70ae66bef5d40b4f3fab7156c43e7ed07337d57d4e0c8663b2fb224d3"
    }
}
Запуск тестов на host: browserstack; platform: android; device: Samsung Galaxy S21 Ultra
HTTP/1.1 200 OK
{
    "automation_session": {
        "name": "first_test",
        "duration": 32,
        "os": "android",
        "os_version": "11.0",
        "browser_version": "app",
        "browser": null,
        "device": "Samsung Galaxy S21 Ultra",
        "status": "done",
        "hashed_id": "718418e9d3c1bac0b414c5eff2e48fb3d39af4d4",
        "reason": "CLIENT_STOPPED_SESSION",
        "build_name": "browserstack-build-1",
        "project_name": "BrowserStack Sample",
        "build_hashed_id": "8ca59ebb1e2f707b5a40dbfc8a21dfc983cf18a5",
        "logs": "https://app-automate.browserstack.com/builds/8ca59ebb1e2f707b5a40dbfc8a21dfc983cf18a5/sessions/718418e9d3c1bac0b414c5eff2e48fb3d39af4d4/logs",
        "browserstack_status": "done",
        "created_at": "2024-06-12T23:05:06.000Z",
        "browser_url": "https://app-automate.browserstack.com/builds/8ca59ebb1e2f707b5a40dbfc8a21dfc983cf18a5/sessions/718418e9d3c1bac0b414c5eff2e48fb3d39af4d4",
        "public_url": "https://app-automate.browserstack.com/builds/8ca59ebb1e2f707b5a40dbfc8a21dfc983cf18a5/sessions/718418e9d3c1bac0b414c5eff2e48fb3d39af4d4?auth_token=18cf856c16f14025b2b2183b96d6150773be68f1d5fda5a823913aadb8a6bd53",
        "video_url": "https://app-automate.browserstack.com/sessions/718418e9d3c1bac0b414c5eff2e48fb3d39af4d4/video?token=Wk5sekh1MzB1eXFqekxPMGFyajNoNThid3B0aVVTbW5INk8vZWxXQUNoMzhjWDFMbG9GQzJVWEl5NmoxbzNyMyt3NjRkSGtVZ1FOdThEMXlzWDRXQXc9PS0tZDdNalZ1cHN6OVdacWlYdTg0ZUFwZz09--86d8df3c3f9b66ad7991b8ee1efecc665c5c33b9&source=rest_api&diff=1.836844863",
        "appium_logs_url": "https://api.browserstack.com/app-automate/builds/8ca59ebb1e2f707b5a40dbfc8a21dfc983cf18a5/sessions/718418e9d3c1bac0b414c5eff2e48fb3d39af4d4/appiumlogs",
        "device_logs_url": "https://api.browserstack.com/app-automate/builds/8ca59ebb1e2f707b5a40dbfc8a21dfc983cf18a5/sessions/718418e9d3c1bac0b414c5eff2e48fb3d39af4d4/devicelogs",
        "app_details": {
            "app_url": "bs://67e68aac33ab17a78c1cfb21fae5969a1d90efc4",
            "app_name": "com.sybirex.ilonandroid",
            "app_version": "1.57",
            "app_custom_id": null,
            "uploaded_at": "2024-06-10T17:55:25.000Z"
        },
        "session_terminal_logs_url": "https://app-automate.browserstack.com/s3-upload/bs-selenium-logs-use/s3/data/8ca59ebb1e2f707b5a40dbfc8a21dfc983cf18a5/718418e9d3c1bac0b414c5eff2e48fb3d39af4d4-terminal-logs.txt?response-content-type=text%2Fplain&X-Amz-Algorithm=AWS4-HMAC-SHA256&X-Amz-Credential=AKIA2XUQHUQMD5QJIXC7%2F20240612%2Fus-east-1%2Fs3%2Faws4_request&X-Amz-Date=20240612T230539Z&X-Amz-Expires=604800&X-Amz-SignedHeaders=host&X-Amz-Signature=7f0c7facc1ea9f96125691a95abd1ac118496fe838bfad8ba348bffa4503bfb5",
        "build_terminal_logs_url": "https://app-automate.browserstack.com/s3-upload/bs-selenium-logs-use/s3/data/8ca59ebb1e2f707b5a40dbfc8a21dfc983cf18a5/terminal-logs.txt?response-content-type=text%2Fplain&X-Amz-Algorithm=AWS4-HMAC-SHA256&X-Amz-Credential=AKIA2XUQHUQMD5QJIXC7%2F20240612%2Fus-east-1%2Fs3%2Faws4_request&X-Amz-Date=20240612T230539Z&X-Amz-Expires=604800&X-Amz-SignedHeaders=host&X-Amz-Signature=da87b58b2b9537c344039e17d859e0e13d614782433bd3d393a46812dc9532e2"
    }
}
]]></system-out>
  <system-err><![CDATA[июн. 13, 2024 2:03:28 AM org.openqa.selenium.remote.tracing.opentelemetry.OpenTelemetryTracer createTracer
INFO: Using OpenTelemetry for tracing
июн. 13, 2024 2:03:29 AM org.openqa.selenium.remote.RemoteWebDriver checkNonW3CCapabilities
WARNING: Support for Legacy Capabilities is deprecated; You are sending the following invalid capabilities: [app, browserstack.key, browserstack.user, build, device, name, os_version, project]; Please update to W3C Syntax: https://www.selenium.dev/blog/2022/legacy-protocol-support/
июн. 13, 2024 2:03:50 AM org.openqa.selenium.remote.ProtocolHandshake createSession
WARNING: Support for Legacy Capabilities is deprecated; You are sending the following invalid capabilities: [app, browserstack.key, browserstack.user, build, device, name, os_version, project]; Please update to W3C Syntax: https://www.selenium.dev/blog/2022/legacy-protocol-support/
июн. 13, 2024 2:04:02 AM org.openqa.selenium.remote.RemoteWebDriver checkNonW3CCapabilities
WARNING: Support for Legacy Capabilities is deprecated; You are sending the following invalid capabilities: [app, browserstack.key, browserstack.user, build, device, name, os_version, project]; Please update to W3C Syntax: https://www.selenium.dev/blog/2022/legacy-protocol-support/
июн. 13, 2024 2:04:21 AM org.openqa.selenium.remote.ProtocolHandshake createSession
WARNING: Support for Legacy Capabilities is deprecated; You are sending the following invalid capabilities: [app, browserstack.key, browserstack.user, build, device, name, os_version, project]; Please update to W3C Syntax: https://www.selenium.dev/blog/2022/legacy-protocol-support/
июн. 13, 2024 2:04:34 AM org.openqa.selenium.remote.RemoteWebDriver checkNonW3CCapabilities
WARNING: Support for Legacy Capabilities is deprecated; You are sending the following invalid capabilities: [app, browserstack.key, browserstack.user, build, device, name, os_version, project]; Please update to W3C Syntax: https://www.selenium.dev/blog/2022/legacy-protocol-support/
июн. 13, 2024 2:04:51 AM org.openqa.selenium.remote.ProtocolHandshake createSession
WARNING: Support for Legacy Capabilities is deprecated; You are sending the following invalid capabilities: [app, browserstack.key, browserstack.user, build, device, name, os_version, project]; Please update to W3C Syntax: https://www.selenium.dev/blog/2022/legacy-protocol-support/
июн. 13, 2024 2:05:06 AM org.openqa.selenium.remote.RemoteWebDriver checkNonW3CCapabilities
WARNING: Support for Legacy Capabilities is deprecated; You are sending the following invalid capabilities: [app, browserstack.key, browserstack.user, build, device, name, os_version, project]; Please update to W3C Syntax: https://www.selenium.dev/blog/2022/legacy-protocol-support/
июн. 13, 2024 2:05:28 AM org.openqa.selenium.remote.ProtocolHandshake createSession
WARNING: Support for Legacy Capabilities is deprecated; You are sending the following invalid capabilities: [app, browserstack.key, browserstack.user, build, device, name, os_version, project]; Please update to W3C Syntax: https://www.selenium.dev/blog/2022/legacy-protocol-support/
]]></system-err>
</testsuite>
