<?xml version="1.0" encoding="UTF-8"?>
<testsuite name="Проверка модуля 'Расчет калорий'" tests="2" skipped="0" failures="0" errors="0" timestamp="2024-06-12T23:05:40" hostname="NB553582" time="92.463">
  <properties/>
  <testcase name="Проверка, что при корректном числе рассчитанных калорий кнопка Next кликабельна и ведет на следующий экран" classname="mobile.tests.CaloriesCalculationTests" time="47.763"/>
  <testcase name="Проверка, что при негативном числе рассчитанных калорий кнопка Next не кликабельна" classname="mobile.tests.CaloriesCalculationTests" time="44.694"/>
  <system-out><![CDATA[Запуск тестов на host: browserstack; platform: android; device: Samsung Galaxy S21 Ultra
HTTP/1.1 200 OK
{
    "automation_session": {
        "name": "first_test",
        "duration": 46,
        "os": "android",
        "os_version": "11.0",
        "browser_version": "app",
        "browser": null,
        "device": "Samsung Galaxy S21 Ultra",
        "status": "done",
        "hashed_id": "61c3016bac933c075b6fd15c8642e2d750792d69",
        "reason": "CLIENT_STOPPED_SESSION",
        "build_name": "browserstack-build-1",
        "project_name": "BrowserStack Sample",
        "build_hashed_id": "8ca59ebb1e2f707b5a40dbfc8a21dfc983cf18a5",
        "logs": "https://app-automate.browserstack.com/builds/8ca59ebb1e2f707b5a40dbfc8a21dfc983cf18a5/sessions/61c3016bac933c075b6fd15c8642e2d750792d69/logs",
        "browserstack_status": "done",
        "created_at": "2024-06-12T23:05:40.000Z",
        "browser_url": "https://app-automate.browserstack.com/builds/8ca59ebb1e2f707b5a40dbfc8a21dfc983cf18a5/sessions/61c3016bac933c075b6fd15c8642e2d750792d69",
        "public_url": "https://app-automate.browserstack.com/builds/8ca59ebb1e2f707b5a40dbfc8a21dfc983cf18a5/sessions/61c3016bac933c075b6fd15c8642e2d750792d69?auth_token=5c219fc984d7013c087ac13a1e04ee04fb2913e3be63f82282b42dac2aff84c0",
        "video_url": "https://app-automate.browserstack.com/sessions/61c3016bac933c075b6fd15c8642e2d750792d69/video?token=RTh0SnRnWm94Q0hlMjF1RXlXV0hpbW1mWkJFTGlLWWVyU2dMZDZ5N0p4bjFxN3hQVk1Sbi9YaG1jUXgvWkZCRGNaSFcxUGI5NU5vZ0xKV0lKU2paZWc9PS0tam1UaVFiMXhxOEFseVhKVm5EWFgrQT09--ec7a001d4b773de71c59592d5012169d41aaa264&source=rest_api&diff=1.713059972",
        "appium_logs_url": "https://api.browserstack.com/app-automate/builds/8ca59ebb1e2f707b5a40dbfc8a21dfc983cf18a5/sessions/61c3016bac933c075b6fd15c8642e2d750792d69/appiumlogs",
        "device_logs_url": "https://api.browserstack.com/app-automate/builds/8ca59ebb1e2f707b5a40dbfc8a21dfc983cf18a5/sessions/61c3016bac933c075b6fd15c8642e2d750792d69/devicelogs",
        "app_details": {
            "app_url": "bs://67e68aac33ab17a78c1cfb21fae5969a1d90efc4",
            "app_name": "com.sybirex.ilonandroid",
            "app_version": "1.57",
            "app_custom_id": null,
            "uploaded_at": "2024-06-10T17:55:25.000Z"
        },
        "session_terminal_logs_url": "https://app-automate.browserstack.com/s3-upload/bs-selenium-logs-use/s3/data/8ca59ebb1e2f707b5a40dbfc8a21dfc983cf18a5/61c3016bac933c075b6fd15c8642e2d750792d69-terminal-logs.txt?response-content-type=text%2Fplain&X-Amz-Algorithm=AWS4-HMAC-SHA256&X-Amz-Credential=AKIA2XUQHUQMD5QJIXC7%2F20240612%2Fus-east-1%2Fs3%2Faws4_request&X-Amz-Date=20240612T230627Z&X-Amz-Expires=604800&X-Amz-SignedHeaders=host&X-Amz-Signature=46347d53deb422fe66726cf180a1cd6e65466f0279b73ac594f351543772e62d",
        "build_terminal_logs_url": "https://app-automate.browserstack.com/s3-upload/bs-selenium-logs-use/s3/data/8ca59ebb1e2f707b5a40dbfc8a21dfc983cf18a5/terminal-logs.txt?response-content-type=text%2Fplain&X-Amz-Algorithm=AWS4-HMAC-SHA256&X-Amz-Credential=AKIA2XUQHUQMD5QJIXC7%2F20240612%2Fus-east-1%2Fs3%2Faws4_request&X-Amz-Date=20240612T230627Z&X-Amz-Expires=604800&X-Amz-SignedHeaders=host&X-Amz-Signature=c27a51022286a219540662601d42c0b58b7b6a781fa542b78158b582eb45e8d8"
    }
}
Запуск тестов на host: browserstack; platform: android; device: Samsung Galaxy S21 Ultra
HTTP/1.1 200 OK
{
    "automation_session": {
        "name": "first_test",
        "duration": 43,
        "os": "android",
        "os_version": "11.0",
        "browser_version": "app",
        "browser": null,
        "device": "Samsung Galaxy S21 Ultra",
        "status": "done",
        "hashed_id": "80facacbf3b95e4a328f9df099be97d8e3a01f20",
        "reason": "CLIENT_STOPPED_SESSION",
        "build_name": "browserstack-build-1",
        "project_name": "BrowserStack Sample",
        "build_hashed_id": "8ca59ebb1e2f707b5a40dbfc8a21dfc983cf18a5",
        "logs": "https://app-automate.browserstack.com/builds/8ca59ebb1e2f707b5a40dbfc8a21dfc983cf18a5/sessions/80facacbf3b95e4a328f9df099be97d8e3a01f20/logs",
        "browserstack_status": "done",
        "created_at": "2024-06-12T23:06:28.000Z",
        "browser_url": "https://app-automate.browserstack.com/builds/8ca59ebb1e2f707b5a40dbfc8a21dfc983cf18a5/sessions/80facacbf3b95e4a328f9df099be97d8e3a01f20",
        "public_url": "https://app-automate.browserstack.com/builds/8ca59ebb1e2f707b5a40dbfc8a21dfc983cf18a5/sessions/80facacbf3b95e4a328f9df099be97d8e3a01f20?auth_token=9b91955735e9c54d4654f8f0875ba6e176c6e5b00d9035ebf6e544739996990e",
        "video_url": "https://app-automate.browserstack.com/sessions/80facacbf3b95e4a328f9df099be97d8e3a01f20/video?token=Q3ZhVXhKZ1pnVHhhL0FucXFINEdBeDFOM010SFQwU0E0YnNVZDc3a2plTEJsUW1PUEhsTjRMaWdoM1MvaytoUE1sSG5JT29wbXFDU1oxcE44VTJ4Snc9PS0tWUVXeTU2YnJ2N3R4emsvUEFTU1hWUT09--e5013555a8e078de612682939c419ee639ff7757&source=rest_api&diff=1.459804391",
        "appium_logs_url": "https://api.browserstack.com/app-automate/builds/8ca59ebb1e2f707b5a40dbfc8a21dfc983cf18a5/sessions/80facacbf3b95e4a328f9df099be97d8e3a01f20/appiumlogs",
        "device_logs_url": "https://api.browserstack.com/app-automate/builds/8ca59ebb1e2f707b5a40dbfc8a21dfc983cf18a5/sessions/80facacbf3b95e4a328f9df099be97d8e3a01f20/devicelogs",
        "app_details": {
            "app_url": "bs://67e68aac33ab17a78c1cfb21fae5969a1d90efc4",
            "app_name": "com.sybirex.ilonandroid",
            "app_version": "1.57",
            "app_custom_id": null,
            "uploaded_at": "2024-06-10T17:55:25.000Z"
        },
        "session_terminal_logs_url": "https://app-automate.browserstack.com/s3-upload/bs-selenium-logs-use/s3/data/8ca59ebb1e2f707b5a40dbfc8a21dfc983cf18a5/80facacbf3b95e4a328f9df099be97d8e3a01f20-terminal-logs.txt?response-content-type=text%2Fplain&X-Amz-Algorithm=AWS4-HMAC-SHA256&X-Amz-Credential=AKIA2XUQHUQMD5QJIXC7%2F20240612%2Fus-east-1%2Fs3%2Faws4_request&X-Amz-Date=20240612T230712Z&X-Amz-Expires=604800&X-Amz-SignedHeaders=host&X-Amz-Signature=84326c574727e31b109a768b05e47c44a208e9cd32e9560256753d5f8b6b0c1e",
        "build_terminal_logs_url": "https://app-automate.browserstack.com/s3-upload/bs-selenium-logs-use/s3/data/8ca59ebb1e2f707b5a40dbfc8a21dfc983cf18a5/terminal-logs.txt?response-content-type=text%2Fplain&X-Amz-Algorithm=AWS4-HMAC-SHA256&X-Amz-Credential=AKIA2XUQHUQMD5QJIXC7%2F20240612%2Fus-east-1%2Fs3%2Faws4_request&X-Amz-Date=20240612T230712Z&X-Amz-Expires=604800&X-Amz-SignedHeaders=host&X-Amz-Signature=d5b1360f0cef1a7d3c89827643409148ac07c7204b6f4fcf407061c4c4a7cfeb"
    }
}
]]></system-out>
  <system-err><![CDATA[июн. 13, 2024 2:05:40 AM org.openqa.selenium.remote.RemoteWebDriver checkNonW3CCapabilities
WARNING: Support for Legacy Capabilities is deprecated; You are sending the following invalid capabilities: [app, browserstack.key, browserstack.user, build, device, name, os_version, project]; Please update to W3C Syntax: https://www.selenium.dev/blog/2022/legacy-protocol-support/
июн. 13, 2024 2:06:06 AM org.openqa.selenium.remote.ProtocolHandshake createSession
WARNING: Support for Legacy Capabilities is deprecated; You are sending the following invalid capabilities: [app, browserstack.key, browserstack.user, build, device, name, os_version, project]; Please update to W3C Syntax: https://www.selenium.dev/blog/2022/legacy-protocol-support/
июн. 13, 2024 2:06:27 AM org.openqa.selenium.remote.RemoteWebDriver checkNonW3CCapabilities
WARNING: Support for Legacy Capabilities is deprecated; You are sending the following invalid capabilities: [app, browserstack.key, browserstack.user, build, device, name, os_version, project]; Please update to W3C Syntax: https://www.selenium.dev/blog/2022/legacy-protocol-support/
июн. 13, 2024 2:06:49 AM org.openqa.selenium.remote.ProtocolHandshake createSession
WARNING: Support for Legacy Capabilities is deprecated; You are sending the following invalid capabilities: [app, browserstack.key, browserstack.user, build, device, name, os_version, project]; Please update to W3C Syntax: https://www.selenium.dev/blog/2022/legacy-protocol-support/
]]></system-err>
</testsuite>
